#
# There is insufficient memory for the Java Runtime Environment to continue.
# Native memory allocation (mmap) failed to map 65536 bytes for Failed to commit metaspace.
# Possible reasons:
#   The system is out of physical RAM or swap space
#   The process is running with CompressedOops enabled, and the Java Heap may be blocking the growth of the native heap
# Possible solutions:
#   Reduce memory load on the system
#   Increase physical memory or swap space
#   Check if swap backing store is full
#   Decrease Java heap size (-Xmx/-Xms)
#   Decrease number of Java threads
#   Decrease Java thread stack sizes (-Xss)
#   Set larger code cache with -XX:ReservedCodeCacheSize=
#   JVM is running with Unscaled Compressed Oops mode in which the Java heap is
#     placed in the first 4GB address space. The Java Heap base address is the
#     maximum limit for the native heap growth. Please use -XX:HeapBaseMinAddress
#     to set the Java Heap base and to place the Java Heap above 4GB virtual address.
# This output file may be truncated or incomplete.
#
#  Out of Memory Error (virtualSpaceNode.cpp:110), pid=10684, tid=8964
#
# JRE version: OpenJDK Runtime Environment Temurin-17.0.2+8 (17.0.2+8) (build 17.0.2+8)
# Java VM: OpenJDK 64-Bit Server VM Temurin-17.0.2+8 (17.0.2+8, mixed mode, tiered, compressed oops, compressed class ptrs, g1 gc, windows-amd64)
# No core dump will be written. Minidumps are not enabled by default on client versions of Windows
#

---------------  S U M M A R Y ------------

Command Line: -ea -Dfile.encoding=Cp1252 -XX:+ShowCodeDetailsInExceptionMessages org.testng.remote.RemoteTestNG -serport 60280 -protocol json -d F:\C data\eclipse-workspace\Ecommerce\test-output C:\Users\prerna\AppData\Local\Temp\testng-eclipse-1661912646\testng-customsuite.xml

Host: Intel(R) Core(TM) i3-3120M CPU @ 2.50GHz, 4 cores, 3G,  Windows 10 , 64 bit Build 19041 (10.0.19041.5072)
Time: Sat Dec 14 18:35:43 2024 India Standard Time elapsed time: 10.134815 seconds (0d 0h 0m 10s)

---------------  T H R E A D  ---------------

Current thread (0x000001fdf05f8570):  JavaThread "Forwarding newSession on session null to remote" [_thread_in_vm, id=8964, stack(0x00000045a6400000,0x00000045a6500000)]

Stack: [0x00000045a6400000,0x00000045a6500000]
Native frames: (J=compiled Java code, j=interpreted, Vv=VM code, C=native code)
V  [jvm.dll+0x67564a]
V  [jvm.dll+0x82fc04]
V  [jvm.dll+0x8313ae]
V  [jvm.dll+0x831a13]
V  [jvm.dll+0x245235]
V  [jvm.dll+0x82bbab]
V  [jvm.dll+0x61a336]
V  [jvm.dll+0x1c016e]
V  [jvm.dll+0x61cc81]
V  [jvm.dll+0x61acd6]
V  [jvm.dll+0x36b092]
V  [jvm.dll+0x1e1b4b]
V  [jvm.dll+0x53b709]
V  [jvm.dll+0x7aad88]
V  [jvm.dll+0x7aae74]
V  [jvm.dll+0x40c2f5]
V  [jvm.dll+0x4124e8]
C  [java.dll+0x17ec]

Java frames: (J=compiled Java code, j=interpreted, Vv=VM code)
J 961  java.lang.ClassLoader.defineClass1(Ljava/lang/ClassLoader;Ljava/lang/String;[BIILjava/security/ProtectionDomain;Ljava/lang/String;)Ljava/lang/Class; java.base@17.0.2 (0 bytes) @ 0x000001fd87b1c2db [0x000001fd87b1c220+0x00000000000000bb]
J 1027 c1 java.lang.ClassLoader.defineClass(Ljava/lang/String;[BIILjava/security/ProtectionDomain;)Ljava/lang/Class; java.base@17.0.2 (43 bytes) @ 0x000001fd8076b3c4 [0x000001fd8076b080+0x0000000000000344]
j  java.lang.ClassLoader.defineClass(Ljava/lang/String;Ljava/nio/ByteBuffer;Ljava/security/ProtectionDomain;)Ljava/lang/Class;+38 java.base@17.0.2
j  java.security.SecureClassLoader.defineClass(Ljava/lang/String;Ljava/nio/ByteBuffer;Ljava/security/CodeSource;)Ljava/lang/Class;+8 java.base@17.0.2
j  jdk.internal.loader.BuiltinClassLoader.defineClass(Ljava/lang/String;Ljdk/internal/loader/BuiltinClassLoader$LoadedModule;)Ljava/lang/Class;+127 java.base@17.0.2
J 568 c1 jdk.internal.loader.BuiltinClassLoader.loadClassOrNull(Ljava/lang/String;Z)Ljava/lang/Class; java.base@17.0.2 (143 bytes) @ 0x000001fd80689dac [0x000001fd806897c0+0x00000000000005ec]
J 957 c1 jdk.internal.loader.BuiltinClassLoader.loadClass(Ljava/lang/String;Z)Ljava/lang/Class; java.base@17.0.2 (22 bytes) @ 0x000001fd80741644 [0x000001fd80741540+0x0000000000000104]
J 955 c1 java.lang.ClassLoader.loadClass(Ljava/lang/String;)Ljava/lang/Class; java.base@17.0.2 (7 bytes) @ 0x000001fd8073f83c [0x000001fd8073f740+0x00000000000000fc]
v  ~StubRoutines::call_stub
j  jdk.internal.net.http.MultiExchange.<init>(Ljava/net/http/HttpRequest;Ljdk/internal/net/http/HttpRequestImpl;Ljdk/internal/net/http/HttpClientImpl;Ljava/net/http/HttpResponse$BodyHandler;Ljava/net/http/HttpResponse$PushPromiseHandler;Ljava/security/AccessControlContext;)V+186 java.net.http@17.0.2
j  jdk.internal.net.http.HttpClientImpl.sendAsync(Ljava/net/http/HttpRequest;Ljava/net/http/HttpResponse$BodyHandler;Ljava/net/http/HttpResponse$PushPromiseHandler;Ljava/util/concurrent/Executor;)Ljava/util/concurrent/CompletableFuture;+143 java.net.http@17.0.2
j  jdk.internal.net.http.HttpClientImpl.sendAsync(Ljava/net/http/HttpRequest;Ljava/net/http/HttpResponse$BodyHandler;Ljava/net/http/HttpResponse$PushPromiseHandler;)Ljava/util/concurrent/CompletableFuture;+11 java.net.http@17.0.2
j  jdk.internal.net.http.HttpClientImpl.sendAsync(Ljava/net/http/HttpRequest;Ljava/net/http/HttpResponse$BodyHandler;)Ljava/util/concurrent/CompletableFuture;+4 java.net.http@17.0.2
j  jdk.internal.net.http.HttpClientFacade.sendAsync(Ljava/net/http/HttpRequest;Ljava/net/http/HttpResponse$BodyHandler;)Ljava/util/concurrent/CompletableFuture;+6 java.net.http@17.0.2
j  org.openqa.selenium.remote.http.jdk.JdkHttpClient.execute0(Lorg/openqa/selenium/remote/http/HttpRequest;)Lorg/openqa/selenium/remote/http/HttpResponse;+78
j  org.openqa.selenium.remote.http.jdk.JdkHttpClient$$Lambda$570+0x00000001003bc198.execute(Lorg/openqa/selenium/remote/http/HttpRequest;)Lorg/openqa/selenium/remote/http/HttpResponse;+5
j  org.openqa.selenium.remote.http.AddSeleniumUserAgent.lambda$apply$0(Lorg/openqa/selenium/remote/http/HttpHandler;Lorg/openqa/selenium/remote/http/HttpRequest;)Lorg/openqa/selenium/remote/http/HttpResponse;+21
j  org.openqa.selenium.remote.http.AddSeleniumUserAgent$$Lambda$706+0x0000000100457280.execute(Lorg/openqa/selenium/remote/http/HttpRequest;)Lorg/openqa/selenium/remote/http/HttpResponse;+5
j  org.openqa.selenium.remote.http.Filter.lambda$andFinally$1(Lorg/openqa/selenium/remote/http/HttpHandler;Lorg/openqa/selenium/remote/http/HttpRequest;)Lorg/openqa/selenium/remote/http/HttpResponse;+11
j  org.openqa.selenium.remote.http.Filter$$Lambda$571+0x00000001003bc3c8.execute(Lorg/openqa/selenium/remote/http/HttpRequest;)Lorg/openqa/selenium/remote/http/HttpResponse;+9
j  org.openqa.selenium.remote.http.jdk.JdkHttpClient.execute(Lorg/openqa/selenium/remote/http/HttpRequest;)Lorg/openqa/selenium/remote/http/HttpResponse;+5
j  org.openqa.selenium.remote.ProtocolHandshake.createSession(Lorg/openqa/selenium/remote/http/HttpHandler;Lorg/openqa/selenium/remote/http/Contents$Supplier;)Lorg/openqa/selenium/internal/Either;+39
j  org.openqa.selenium.remote.ProtocolHandshake.createSession(Lorg/openqa/selenium/remote/http/HttpHandler;Lorg/openqa/selenium/remote/NewSessionPayload;)Lorg/openqa/selenium/internal/Either;+6
j  org.openqa.selenium.remote.ProtocolHandshake.createSession(Lorg/openqa/selenium/remote/http/HttpHandler;Lorg/openqa/selenium/remote/Command;)Lorg/openqa/selenium/remote/ProtocolHandshake$Result;+53
j  org.openqa.selenium.remote.HttpCommandExecutor.execute(Lorg/openqa/selenium/remote/Command;)Lorg/openqa/selenium/remote/Response;+110
j  org.openqa.selenium.remote.service.DriverCommandExecutor.invokeExecute(Lorg/openqa/selenium/remote/Command;)Lorg/openqa/selenium/remote/Response;+2
j  org.openqa.selenium.remote.service.DriverCommandExecutor.execute(Lorg/openqa/selenium/remote/Command;)Lorg/openqa/selenium/remote/Response;+195
j  org.openqa.selenium.remote.RemoteWebDriver.execute(Lorg/openqa/selenium/remote/CommandPayload;)Lorg/openqa/selenium/remote/Response;+77
j  org.openqa.selenium.remote.RemoteWebDriver.startSession(Lorg/openqa/selenium/Capabilities;)V+18
j  org.openqa.selenium.remote.RemoteWebDriver.<init>(Lorg/openqa/selenium/remote/CommandExecutor;Lorg/openqa/selenium/Capabilities;)V+88
j  org.openqa.selenium.chromium.ChromiumDriver.<init>(Lorg/openqa/selenium/remote/CommandExecutor;Lorg/openqa/selenium/Capabilities;Ljava/lang/String;)V+3
j  org.openqa.selenium.chrome.ChromeDriver.<init>(Lorg/openqa/selenium/chrome/ChromeDriverService;Lorg/openqa/selenium/chrome/ChromeOptions;Lorg/openqa/selenium/remote/http/ClientConfig;)V+10
j  org.openqa.selenium.chrome.ChromeDriver.<init>(Lorg/openqa/selenium/chrome/ChromeDriverService;Lorg/openqa/selenium/chrome/ChromeOptions;)V+6
j  org.openqa.selenium.chrome.ChromeDriver.<init>()V+11
j  utils.UtilityClass.browser_Launch()V+4
j  base.ProjectSpecificMethods.lunchBrowser()V+1
v  ~StubRoutines::call_stub
j  jdk.internal.reflect.NativeMethodAccessorImpl.invoke0(Ljava/lang/reflect/Method;Ljava/lang/Object;[Ljava/lang/Object;)Ljava/lang/Object;+0 java.base@17.0.2
j  jdk.internal.reflect.NativeMethodAccessorImpl.invoke(Ljava/lang/Object;[Ljava/lang/Object;)Ljava/lang/Object;+133 java.base@17.0.2
j  jdk.internal.reflect.DelegatingMethodAccessorImpl.invoke(Ljava/lang/Object;[Ljava/lang/Object;)Ljava/lang/Object;+6 java.base@17.0.2
j  java.lang.reflect.Method.invoke(Ljava/lang/Object;[Ljava/lang/Object;)Ljava/lang/Object;+59 java.base@17.0.2
j  org.testng.internal.invokers.MethodInvocationHelper.invokeMethod(Ljava/lang/reflect/Method;Ljava/lang/Object;[Ljava/lang/Object;)Ljava/lang/Object;+198
j  org.testng.internal.invokers.MethodInvocationHelper.invokeMethodConsideringTimeout(Lorg/testng/ITestNGMethod;Lorg/testng/internal/ConstructorOrMethod;Ljava/lang/Object;[Ljava/lang/Object;Lorg/testng/ITestResult;Lorg/testng/internal/IConfiguration;)V+15
j  org.testng.internal.invokers.ConfigInvoker.invokeConfigurationMethod(Ljava/lang/Object;Lorg/testng/ITestNGMethod;[Ljava/lang/Object;Lorg/testng/ITestResult;)V+222
j  org.testng.internal.invokers.ConfigInvoker.invokeConfigurations(Lorg/testng/internal/invokers/ConfigMethodArguments;)V+538
j  org.testng.internal.invokers.TestInvoker.runConfigMethods(Lorg/testng/internal/invokers/TestMethodArguments;Lorg/testng/xml/XmlSuite;Lorg/testng/ITestResult;[Lorg/testng/ITestNGMethod;)V+66
j  org.testng.internal.invokers.TestInvoker.invokeMethod(Lorg/testng/internal/invokers/TestMethodArguments;Lorg/testng/xml/XmlSuite;Lorg/testng/internal/invokers/ITestInvoker$FailureContext;)Lorg/testng/ITestResult;+106
j  org.testng.internal.invokers.TestInvoker.invokeTestMethod(Lorg/testng/internal/invokers/TestMethodArguments;Lorg/testng/xml/XmlSuite;Lorg/testng/internal/invokers/ITestInvoker$FailureContext;)Lorg/testng/ITestResult;+16
j  org.testng.internal.invokers.MethodRunner.runInSequence(Lorg/testng/internal/invokers/TestMethodArguments;Lorg/testng/internal/invokers/ITestInvoker;Lorg/testng/ITestContext;Ljava/util/concurrent/atomic/AtomicInteger;Lorg/testng/internal/invokers/ITestInvoker$FailureContext;Ljava/util/Iterator;Z)Ljava/util/List;+127
j  org.testng.internal.invokers.TestInvoker$MethodInvocationAgent.invoke(I)I+384
j  org.testng.internal.invokers.TestInvoker.invokeTestMethods(Lorg/testng/ITestNGMethod;Lorg/testng/internal/ConfigurationGroupMethods;Ljava/lang/Object;Lorg/testng/ITestContext;)Ljava/util/List;+571
j  org.testng.internal.invokers.TestMethodWorker.invokeTestMethods(Lorg/testng/ITestNGMethod;Ljava/lang/Object;)V+14
j  org.testng.internal.invokers.TestMethodWorker.run()V+162
j  org.testng.TestRunner$$Lambda$226+0x000000010019b158.accept(Ljava/lang/Object;)V+7
j  java.util.ArrayList.forEach(Ljava/util/function/Consumer;)V+46 java.base@17.0.2
j  org.testng.TestRunner.privateRun(Lorg/testng/xml/XmlTest;)V+322
j  org.testng.TestRunner.run()V+11
j  org.testng.SuiteRunner.runTest(Lorg/testng/TestRunner;)V+21
j  org.testng.SuiteRunner.runSequentially()V+31
j  org.testng.SuiteRunner.privateRun()V+341
j  org.testng.SuiteRunner.run()V+6
j  org.testng.SuiteRunnerWorker.runSuite(Lorg/testng/internal/invokers/SuiteRunnerMap;Lorg/testng/xml/XmlSuite;)V+56
j  org.testng.SuiteRunnerWorker.run()V+12
j  org.testng.TestNG.runSuitesSequentially(Lorg/testng/xml/XmlSuite;Lorg/testng/internal/invokers/SuiteRunnerMap;ILjava/lang/String;)V+66
j  org.testng.TestNG.runSuitesLocally()Ljava/util/List;+190
j  org.testng.TestNG.runSuites()Ljava/util/List;+1
j  org.testng.TestNG.run()V+25
j  org.testng.remote.AbstractRemoteTestNG.run()V+149
j  org.testng.remote.RemoteTestNG.initAndRun(Lorg/testng/remote/IRemoteTestNG;[Ljava/lang/String;Lorg/testng/CommandLineArgs;Lorg/testng/remote/RemoteArgs;)V+272
j  org.testng.remote.RemoteTestNG.main([Ljava/lang/String;)V+223
v  ~StubRoutines::call_stub

---------------  P R O C E S S  ---------------

Threads class SMR info:
_java_thread_list=0x000001fdf99fafc0, length=20, elements={
0x000001fdf05f8570, 0x000001fdf86601e0, 0x000001fdf86612f0, 0x000001fdf86abcf0,
0x000001fdf86ac6b0, 0x000001fdf90140a0, 0x000001fdf90174f0, 0x000001fdf86d4c50,
0x000001fdf86d5920, 0x000001fdf86e2630, 0x000001fdf9163f90, 0x000001fdf9187e50,
0x000001fdf9a5fcd0, 0x000001fdf9a83840, 0x000001fdf9565760, 0x000001fdfa35b450,
0x000001fdf952f7a0, 0x000001fdf9562830, 0x000001fdf9d97a20, 0x000001fdf9d94ed0
}

Java Threads: ( => current thread )
=>0x000001fdf05f8570 JavaThread "Forwarding newSession on session null to remote" [_thread_in_vm, id=8964, stack(0x00000045a6400000,0x00000045a6500000)]
  0x000001fdf86601e0 JavaThread "Reference Handler" daemon [_thread_blocked, id=22204, stack(0x00000045a6b00000,0x00000045a6c00000)]
  0x000001fdf86612f0 JavaThread "Finalizer" daemon [_thread_blocked, id=21612, stack(0x00000045a6c00000,0x00000045a6d00000)]
  0x000001fdf86abcf0 JavaThread "Signal Dispatcher" daemon [_thread_blocked, id=21048, stack(0x00000045a6d00000,0x00000045a6e00000)]
  0x000001fdf86ac6b0 JavaThread "Attach Listener" daemon [_thread_blocked, id=24924, stack(0x00000045a6e00000,0x00000045a6f00000)]
  0x000001fdf90140a0 JavaThread "Service Thread" daemon [_thread_blocked, id=14920, stack(0x00000045a6f00000,0x00000045a7000000)]
  0x000001fdf90174f0 JavaThread "Monitor Deflation Thread" daemon [_thread_blocked, id=1884, stack(0x00000045a7000000,0x00000045a7100000)]
  0x000001fdf86d4c50 JavaThread "C2 CompilerThread0" daemon [_thread_blocked, id=24620, stack(0x00000045a7100000,0x00000045a7200000)]
  0x000001fdf86d5920 JavaThread "C1 CompilerThread0" daemon [_thread_blocked, id=23268, stack(0x00000045a7200000,0x00000045a7300000)]
  0x000001fdf86e2630 JavaThread "Sweeper thread" daemon [_thread_blocked, id=21676, stack(0x00000045a7300000,0x00000045a7400000)]
  0x000001fdf9163f90 JavaThread "Notification Thread" daemon [_thread_blocked, id=7844, stack(0x00000045a7400000,0x00000045a7500000)]
  0x000001fdf9187e50 JavaThread "Common-Cleaner" daemon [_thread_blocked, id=5624, stack(0x00000045a7600000,0x00000045a7700000)]
  0x000001fdf9a5fcd0 JavaThread "ReaderThread" [_thread_in_native, id=23056, stack(0x00000045a7800000,0x00000045a7900000)]
  0x000001fdf9a83840 JavaThread "ForkJoinPool.commonPool-worker-1" daemon [_thread_blocked, id=3772, stack(0x00000045a7c00000,0x00000045a7d00000)]
  0x000001fdf9565760 JavaThread "HttpClient-1-SelectorManager" daemon [_thread_in_native, id=20648, stack(0x00000045a7d00000,0x00000045a7e00000)]
  0x000001fdfa35b450 JavaThread "External Process Output Forwarder - C:\Users\prerna\.cache\selenium\chromedriver\win64\130.0.6723.116\chromedriver.exe" daemon [_thread_in_native, id=4872, stack(0x00000045a7e00000,0x00000045a7f00000)]
  0x000001fdf952f7a0 JavaThread "Driver Service Executor" daemon [_thread_blocked, id=26296, stack(0x00000045a7f00000,0x00000045a8000000)]
  0x000001fdf9562830 JavaThread "Driver Service Executor" daemon [_thread_in_native, id=7904, stack(0x00000045a8000000,0x00000045a8100000)]
  0x000001fdf9d97a20 JavaThread "UrlChecker-2" daemon [_thread_blocked, id=24888, stack(0x00000045a8100000,0x00000045a8200000)]
  0x000001fdf9d94ed0 JavaThread "Keep-Alive-Timer" daemon [_thread_blocked, id=14372, stack(0x00000045a8200000,0x00000045a8300000)]

Other Threads:
  0x000001fdf868d020 VMThread "VM Thread" [stack: 0x00000045a6a00000,0x00000045a6b00000] [id=13784]
  0x000001fdf860d6c0 WatcherThread [stack: 0x00000045a7500000,0x00000045a7600000] [id=17928]
  0x000001fdf0628310 GCTaskThread "GC Thread#0" [stack: 0x00000045a6500000,0x00000045a6600000] [id=16804]
  0x000001fdf9990fe0 GCTaskThread "GC Thread#1" [stack: 0x00000045a7900000,0x00000045a7a00000] [id=4340]
  0x000001fdf9c40d70 GCTaskThread "GC Thread#2" [stack: 0x00000045a7a00000,0x00000045a7b00000] [id=19312]
  0x000001fdf998f5d0 GCTaskThread "GC Thread#3" [stack: 0x00000045a7b00000,0x00000045a7c00000] [id=24776]
  0x000001fdf06315c0 ConcurrentGCThread "G1 Main Marker" [stack: 0x00000045a6600000,0x00000045a6700000] [id=6448]
  0x000001fdf0632350 ConcurrentGCThread "G1 Conc#0" [stack: 0x00000045a6700000,0x00000045a6800000] [id=11444]
  0x000001fdf0684220 ConcurrentGCThread "G1 Refine#0" [stack: 0x00000045a6800000,0x00000045a6900000] [id=2980]
  0x000001fdf0685e70 ConcurrentGCThread "G1 Service" [stack: 0x00000045a6900000,0x00000045a6a00000] [id=22104]

Threads with active compile tasks:

VM state: not at safepoint (normal execution)

VM Mutex/Monitor currently owned by a thread:  ([mutex/lock_event])
[0x000001fdf05f20b0] Metaspace_lock - owner thread: 0x000001fdf05f8570

Heap address: 0x00000000c1a00000, size: 998 MB, Compressed Oops mode: 32-bit

CDS archive(s) not mapped
Compressed class space mapped at: 0x0000000100000000-0x0000000140000000, reserved size: 1073741824
Narrow klass base: 0x0000000000000000, Narrow klass shift: 3, Narrow klass range: 0x140000000

GC Precious Log:
 CPUs: 4 total, 4 available
 Memory: 3988M
 Large Page Support: Disabled
 NUMA Support: Disabled
 Compressed Oops: Enabled (32-bit)
 Heap Region Size: 1M
 Heap Min Capacity: 8M
 Heap Initial Capacity: 64M
 Heap Max Capacity: 998M
 Pre-touch: Disabled
 Parallel Workers: 4
 Concurrent Workers: 1
 Concurrent Refinement Workers: 4
 Periodic GC: Disabled

Heap:
 garbage-first heap   total 61440K, used 18564K [0x00000000c1a00000, 0x0000000100000000)
  region size 1024K, 8 young (8192K), 4 survivors (4096K)
 Metaspace       used 36495K, committed 36800K, reserved 1089536K
  class space    used 4210K, committed 4352K, reserved 1048576K

Heap Regions: E=young(eden), S=young(survivor), O=old, HS=humongous(starts), HC=humongous(continues), CS=collection set, F=free, OA=open archive, CA=closed archive, TAMS=top-at-mark-start (previous, next)
|   0|0x00000000c1a00000, 0x00000000c1b00000, 0x00000000c1b00000|100%| O|  |TAMS 0x00000000c1b00000, 0x00000000c1a00000| Untracked 
|   1|0x00000000c1b00000, 0x00000000c1c00000, 0x00000000c1c00000|100%| O|  |TAMS 0x00000000c1c00000, 0x00000000c1b00000| Untracked 
|   2|0x00000000c1c00000, 0x00000000c1d00000, 0x00000000c1d00000|100%| O|  |TAMS 0x00000000c1d00000, 0x00000000c1c00000| Untracked 
|   3|0x00000000c1d00000, 0x00000000c1e00000, 0x00000000c1e00000|100%| O|  |TAMS 0x00000000c1e00000, 0x00000000c1d00000| Untracked 
|   4|0x00000000c1e00000, 0x00000000c1f00000, 0x00000000c1f00000|100%| O|  |TAMS 0x00000000c1f00000, 0x00000000c1e00000| Untracked 
|   5|0x00000000c1f00000, 0x00000000c2000000, 0x00000000c2000000|100%| O|  |TAMS 0x00000000c2000000, 0x00000000c1f00000| Untracked 
|   6|0x00000000c2000000, 0x00000000c207ea00, 0x00000000c2100000| 49%| O|  |TAMS 0x00000000c207ea00, 0x00000000c2000000| Untracked 
|   7|0x00000000c2100000, 0x00000000c2200000, 0x00000000c2200000|100%| O|  |TAMS 0x00000000c2200000, 0x00000000c2100000| Untracked 
|   8|0x00000000c2200000, 0x00000000c2300000, 0x00000000c2300000|100%| O|  |TAMS 0x00000000c2300000, 0x00000000c2200000| Untracked 
|   9|0x00000000c2300000, 0x00000000c2400000, 0x00000000c2400000|100%| O|  |TAMS 0x00000000c2400000, 0x00000000c2300000| Untracked 
|  10|0x00000000c2400000, 0x00000000c2500000, 0x00000000c2500000|100%| O|  |TAMS 0x00000000c2500000, 0x00000000c2400000| Untracked 
|  11|0x00000000c2500000, 0x00000000c2600000, 0x00000000c2600000|100%| O|  |TAMS 0x00000000c2600000, 0x00000000c2500000| Untracked 
|  12|0x00000000c2600000, 0x00000000c2656600, 0x00000000c2700000| 33%| O|  |TAMS 0x00000000c2656600, 0x00000000c2600000| Untracked 
|  13|0x00000000c2700000, 0x00000000c2700000, 0x00000000c2800000|  0%| F|  |TAMS 0x00000000c2700000, 0x00000000c2700000| Untracked 
|  14|0x00000000c2800000, 0x00000000c2800000, 0x00000000c2900000|  0%| F|  |TAMS 0x00000000c2800000, 0x00000000c2800000| Untracked 
|  15|0x00000000c2900000, 0x00000000c2900000, 0x00000000c2a00000|  0%| F|  |TAMS 0x00000000c2900000, 0x00000000c2900000| Untracked 
|  16|0x00000000c2a00000, 0x00000000c2a00000, 0x00000000c2b00000|  0%| F|  |TAMS 0x00000000c2a00000, 0x00000000c2a00000| Untracked 
|  17|0x00000000c2b00000, 0x00000000c2b00000, 0x00000000c2c00000|  0%| F|  |TAMS 0x00000000c2b00000, 0x00000000c2b00000| Untracked 
|  18|0x00000000c2c00000, 0x00000000c2c00000, 0x00000000c2d00000|  0%| F|  |TAMS 0x00000000c2c00000, 0x00000000c2c00000| Untracked 
|  19|0x00000000c2d00000, 0x00000000c2d00000, 0x00000000c2e00000|  0%| F|  |TAMS 0x00000000c2d00000, 0x00000000c2d00000| Untracked 
|  20|0x00000000c2e00000, 0x00000000c2e00000, 0x00000000c2f00000|  0%| F|  |TAMS 0x00000000c2e00000, 0x00000000c2e00000| Untracked 
|  21|0x00000000c2f00000, 0x00000000c2f00000, 0x00000000c3000000|  0%| F|  |TAMS 0x00000000c2f00000, 0x00000000c2f00000| Untracked 
|  22|0x00000000c3000000, 0x00000000c3000000, 0x00000000c3100000|  0%| F|  |TAMS 0x00000000c3000000, 0x00000000c3000000| Untracked 
|  23|0x00000000c3100000, 0x00000000c3100000, 0x00000000c3200000|  0%| F|  |TAMS 0x00000000c3100000, 0x00000000c3100000| Untracked 
|  24|0x00000000c3200000, 0x00000000c3200000, 0x00000000c3300000|  0%| F|  |TAMS 0x00000000c3200000, 0x00000000c3200000| Untracked 
|  25|0x00000000c3300000, 0x00000000c3300000, 0x00000000c3400000|  0%| F|  |TAMS 0x00000000c3300000, 0x00000000c3300000| Untracked 
|  26|0x00000000c3400000, 0x00000000c3400000, 0x00000000c3500000|  0%| F|  |TAMS 0x00000000c3400000, 0x00000000c3400000| Untracked 
|  27|0x00000000c3500000, 0x00000000c3500000, 0x00000000c3600000|  0%| F|  |TAMS 0x00000000c3500000, 0x00000000c3500000| Untracked 
|  28|0x00000000c3600000, 0x00000000c3600000, 0x00000000c3700000|  0%| F|  |TAMS 0x00000000c3600000, 0x00000000c3600000| Untracked 
|  29|0x00000000c3700000, 0x00000000c3700000, 0x00000000c3800000|  0%| F|  |TAMS 0x00000000c3700000, 0x00000000c3700000| Untracked 
|  30|0x00000000c3800000, 0x00000000c3800000, 0x00000000c3900000|  0%| F|  |TAMS 0x00000000c3800000, 0x00000000c3800000| Untracked 
|  31|0x00000000c3900000, 0x00000000c3900000, 0x00000000c3a00000|  0%| F|  |TAMS 0x00000000c3900000, 0x00000000c3900000| Untracked 
|  32|0x00000000c3a00000, 0x00000000c3a00000, 0x00000000c3b00000|  0%| F|  |TAMS 0x00000000c3a00000, 0x00000000c3a00000| Untracked 
|  33|0x00000000c3b00000, 0x00000000c3b00000, 0x00000000c3c00000|  0%| F|  |TAMS 0x00000000c3b00000, 0x00000000c3b00000| Untracked 
|  34|0x00000000c3c00000, 0x00000000c3c00000, 0x00000000c3d00000|  0%| F|  |TAMS 0x00000000c3c00000, 0x00000000c3c00000| Untracked 
|  35|0x00000000c3d00000, 0x00000000c3d00000, 0x00000000c3e00000|  0%| F|  |TAMS 0x00000000c3d00000, 0x00000000c3d00000| Untracked 
|  36|0x00000000c3e00000, 0x00000000c3e00000, 0x00000000c3f00000|  0%| F|  |TAMS 0x00000000c3e00000, 0x00000000c3e00000| Untracked 
|  37|0x00000000c3f00000, 0x00000000c3f00000, 0x00000000c4000000|  0%| F|  |TAMS 0x00000000c3f00000, 0x00000000c3f00000| Untracked 
|  38|0x00000000c4000000, 0x00000000c4000000, 0x00000000c4100000|  0%| F|  |TAMS 0x00000000c4000000, 0x00000000c4000000| Untracked 
|  39|0x00000000c4100000, 0x00000000c4100000, 0x00000000c4200000|  0%| F|  |TAMS 0x00000000c4100000, 0x00000000c4100000| Untracked 
|  40|0x00000000c4200000, 0x00000000c424c140, 0x00000000c4300000| 29%| S|CS|TAMS 0x00000000c4200000, 0x00000000c4200000| Complete 
|  41|0x00000000c4300000, 0x00000000c4400000, 0x00000000c4400000|100%| S|CS|TAMS 0x00000000c4300000, 0x00000000c4300000| Complete 
|  42|0x00000000c4400000, 0x00000000c4500000, 0x00000000c4500000|100%| S|CS|TAMS 0x00000000c4400000, 0x00000000c4400000| Complete 
|  43|0x00000000c4500000, 0x00000000c4600000, 0x00000000c4600000|100%| S|CS|TAMS 0x00000000c4500000, 0x00000000c4500000| Complete 
|  44|0x00000000c4600000, 0x00000000c4600000, 0x00000000c4700000|  0%| F|  |TAMS 0x00000000c4600000, 0x00000000c4600000| Untracked 
|  45|0x00000000c4700000, 0x00000000c4700000, 0x00000000c4800000|  0%| F|  |TAMS 0x00000000c4700000, 0x00000000c4700000| Untracked 
|  46|0x00000000c4800000, 0x00000000c4800000, 0x00000000c4900000|  0%| F|  |TAMS 0x00000000c4800000, 0x00000000c4800000| Untracked 
|  47|0x00000000c4900000, 0x00000000c4900000, 0x00000000c4a00000|  0%| F|  |TAMS 0x00000000c4900000, 0x00000000c4900000| Untracked 
|  48|0x00000000c4a00000, 0x00000000c4a00000, 0x00000000c4b00000|  0%| F|  |TAMS 0x00000000c4a00000, 0x00000000c4a00000| Untracked 
|  49|0x00000000c4b00000, 0x00000000c4b00000, 0x00000000c4c00000|  0%| F|  |TAMS 0x00000000c4b00000, 0x00000000c4b00000| Untracked 
|  50|0x00000000c4c00000, 0x00000000c4c00000, 0x00000000c4d00000|  0%| F|  |TAMS 0x00000000c4c00000, 0x00000000c4c00000| Untracked 
|  51|0x00000000c4d00000, 0x00000000c4d00000, 0x00000000c4e00000|  0%| F|  |TAMS 0x00000000c4d00000, 0x00000000c4d00000| Untracked 
|  52|0x00000000c4e00000, 0x00000000c4e00000, 0x00000000c4f00000|  0%| F|  |TAMS 0x00000000c4e00000, 0x00000000c4e00000| Untracked 
|  53|0x00000000c4f00000, 0x00000000c4f00000, 0x00000000c5000000|  0%| F|  |TAMS 0x00000000c4f00000, 0x00000000c4f00000| Untracked 
|  54|0x00000000c5000000, 0x00000000c5000000, 0x00000000c5100000|  0%| F|  |TAMS 0x00000000c5000000, 0x00000000c5000000| Untracked 
|  55|0x00000000c5100000, 0x00000000c5100000, 0x00000000c5200000|  0%| F|  |TAMS 0x00000000c5100000, 0x00000000c5100000| Untracked 
|  56|0x00000000c5200000, 0x00000000c5294098, 0x00000000c5300000| 57%| E|  |TAMS 0x00000000c5200000, 0x00000000c5200000| Complete 
|  57|0x00000000c5300000, 0x00000000c5400000, 0x00000000c5400000|100%| E|CS|TAMS 0x00000000c5300000, 0x00000000c5300000| Complete 
|  58|0x00000000c5400000, 0x00000000c5500000, 0x00000000c5500000|100%| E|CS|TAMS 0x00000000c5400000, 0x00000000c5400000| Complete 
|  63|0x00000000c5900000, 0x00000000c5a00000, 0x00000000c5a00000|100%| E|CS|TAMS 0x00000000c5900000, 0x00000000c5900000| Complete 

Card table byte_map: [0x000001fdf3e80000,0x000001fdf4080000] _byte_map_base: 0x000001fdf3873000

Marking Bits (Prev, Next): (CMBitMap*) 0x000001fdf0628830, (CMBitMap*) 0x000001fdf0628870
 Prev Bits: [0x000001fdf4280000, 0x000001fdf5218000)
 Next Bits: [0x000001fdf5220000, 0x000001fdf61b8000)

Polling page: 0x000001fdee570000

Metaspace:

Usage:
  Non-class:     31.53 MB used.
      Class:      4.11 MB used.
       Both:     35.64 MB used.

Virtual space:
  Non-class space:       40.00 MB reserved,      31.69 MB ( 79%) committed,  5 nodes.
      Class space:        1.00 GB reserved,       4.25 MB ( <1%) committed,  1 nodes.
             Both:        1.04 GB reserved,      35.94 MB (  3%) committed. 

Chunk freelists:
   Non-Class:  3.88 MB
       Class:  3.61 MB
        Both:  7.48 MB

MaxMetaspaceSize: unlimited
CompressedClassSpaceSize: 1.00 GB
Initial GC threshold: 21.00 MB
Current GC threshold: 58.69 MB
CDS: off
MetaspaceReclaimPolicy: balanced
 - commit_granule_bytes: 65536.
 - commit_granule_words: 8192.
 - virtual_space_node_default_size: 1048576.
 - enlarge_chunks_in_place: 1.
 - new_chunks_are_fully_committed: 0.
 - uncommit_free_chunks: 1.
 - use_allocation_guard: 0.
 - handle_deallocations: 1.


Internal statistics:

num_allocs_failed_limit: 8.
num_arena_births: 408.
num_arena_deaths: 0.
num_vsnodes_births: 6.
num_vsnodes_deaths: 0.
num_space_committed: 575.
num_space_uncommitted: 0.
num_chunks_returned_to_freelist: 8.
num_chunks_taken_from_freelist: 1217.
num_chunk_merges: 3.
num_chunk_splits: 766.
num_chunks_enlarged: 531.
num_purges: 0.
num_inconsistent_stats: 0.

CodeHeap 'non-profiled nmethods': size=120000Kb used=1294Kb max_used=1294Kb free=118706Kb
 bounds [0x000001fd87ad0000, 0x000001fd87d40000, 0x000001fd8f000000]
CodeHeap 'profiled nmethods': size=120000Kb used=6128Kb max_used=6128Kb free=113871Kb
 bounds [0x000001fd805a0000, 0x000001fd80ba0000, 0x000001fd87ad0000]
CodeHeap 'non-nmethods': size=5760Kb used=1280Kb max_used=1297Kb free=4479Kb
 bounds [0x000001fd80000000, 0x000001fd80270000, 0x000001fd805a0000]
 total_blobs=3602 nmethods=3002 adapters=512
 compilation: enabled
              stopped_count=0, restarted_count=0
 full_count=0

Compilation events (20 events):
Event: 10.098 Thread 0x000001fdf86d5920 3009       3       java.nio.CharBuffer::limit (8 bytes)
Event: 10.098 Thread 0x000001fdf86d5920 nmethod 3009 0x000001fd80b96b90 code [0x000001fd80b96d20, 0x000001fd80b96e68]
Event: 10.100 Thread 0x000001fdf86d5920 3010       3       java.lang.invoke.DirectMethodHandle$Holder::newInvokeSpecial (24 bytes)
Event: 10.100 Thread 0x000001fdf86d5920 nmethod 3010 0x000001fd80b96f10 code [0x000001fd80b97100, 0x000001fd80b97848]
Event: 10.101 Thread 0x000001fdf86d5920 3011       3       java.util.Spliterators$IteratorSpliterator::tryAdvance (77 bytes)
Event: 10.102 Thread 0x000001fdf86d5920 nmethod 3011 0x000001fd80b97a10 code [0x000001fd80b97c20, 0x000001fd80b98318]
Event: 10.102 Thread 0x000001fdf86d5920 3012       3       java.util.stream.ReferencePipeline$2::opWrapSink (10 bytes)
Event: 10.102 Thread 0x000001fdf86d5920 nmethod 3012 0x000001fd80b98510 code [0x000001fd80b98700, 0x000001fd80b98ca8]
Event: 10.102 Thread 0x000001fdf86d5920 3013       3       java.util.stream.ReferencePipeline$2$1::<init> (11 bytes)
Event: 10.103 Thread 0x000001fdf86d5920 nmethod 3013 0x000001fd80b98e90 code [0x000001fd80b99060, 0x000001fd80b99548]
Event: 10.103 Thread 0x000001fdf86d5920 3014       3       java.util.stream.ReferencePipeline::filter (22 bytes)
Event: 10.103 Thread 0x000001fdf86d5920 nmethod 3014 0x000001fd80b99710 code [0x000001fd80b99900, 0x000001fd80b99e18]
Event: 10.103 Thread 0x000001fdf86d5920 3015       3       java.util.stream.ReferencePipeline$2::<init> (20 bytes)
Event: 10.104 Thread 0x000001fdf86d5920 nmethod 3015 0x000001fd80b9a010 code [0x000001fd80b9a1c0, 0x000001fd80b9a4a8]
Event: 10.104 Thread 0x000001fdf86d5920 3016       3       java.util.Optional::isPresent (13 bytes)
Event: 10.104 Thread 0x000001fdf86d5920 nmethod 3016 0x000001fd80b9a610 code [0x000001fd80b9a7a0, 0x000001fd80b9a918]
Event: 10.107 Thread 0x000001fdf86d5920 3017       3       java.security.CodeSource::matchCerts (254 bytes)
Event: 10.108 Thread 0x000001fdf86d5920 nmethod 3017 0x000001fd80b9a990 code [0x000001fd80b9ac00, 0x000001fd80b9b778]
Event: 10.110 Thread 0x000001fdf86d5920 3018       3       jdk.internal.misc.Unsafe::getLongUnaligned (173 bytes)
Event: 10.110 Thread 0x000001fdf86d5920 nmethod 3018 0x000001fd80b9bb90 code [0x000001fd80b9bd60, 0x000001fd80b9c188]

GC Heap History (18 events):
Event: 1.638 GC heap before
{Heap before GC invocations=0 (full 0):
 garbage-first heap   total 65536K, used 12288K [0x00000000c1a00000, 0x0000000100000000)
  region size 1024K, 13 young (13312K), 0 survivors (0K)
 Metaspace       used 11540K, committed 11776K, reserved 1064960K
  class space    used 1097K, committed 1216K, reserved 1048576K
}
Event: 1.648 GC heap after
{Heap after GC invocations=1 (full 0):
 garbage-first heap   total 65536K, used 6649K [0x00000000c1a00000, 0x0000000100000000)
  region size 1024K, 2 young (2048K), 2 survivors (2048K)
 Metaspace       used 11540K, committed 11776K, reserved 1064960K
  class space    used 1097K, committed 1216K, reserved 1048576K
}
Event: 4.485 GC heap before
{Heap before GC invocations=1 (full 0):
 garbage-first heap   total 65536K, used 16889K [0x00000000c1a00000, 0x0000000100000000)
  region size 1024K, 12 young (12288K), 2 survivors (2048K)
 Metaspace       used 14952K, committed 15168K, reserved 1064960K
  class space    used 1497K, committed 1600K, reserved 1048576K
}
Event: 4.491 GC heap after
{Heap after GC invocations=2 (full 0):
 garbage-first heap   total 65536K, used 7325K [0x00000000c1a00000, 0x0000000100000000)
  region size 1024K, 1 young (1024K), 1 survivors (1024K)
 Metaspace       used 14952K, committed 15168K, reserved 1064960K
  class space    used 1497K, committed 1600K, reserved 1048576K
}
Event: 5.640 GC heap before
{Heap before GC invocations=2 (full 0):
 garbage-first heap   total 65536K, used 26781K [0x00000000c1a00000, 0x0000000100000000)
  region size 1024K, 21 young (21504K), 1 survivors (1024K)
 Metaspace       used 21235K, committed 21504K, reserved 1073152K
  class space    used 2276K, committed 2432K, reserved 1048576K
}
Event: 5.646 GC heap after
{Heap after GC invocations=3 (full 0):
 garbage-first heap   total 65536K, used 9111K [0x00000000c1a00000, 0x0000000100000000)
  region size 1024K, 3 young (3072K), 3 survivors (3072K)
 Metaspace       used 21235K, committed 21504K, reserved 1073152K
  class space    used 2276K, committed 2432K, reserved 1048576K
}
Event: 6.524 GC heap before
{Heap before GC invocations=4 (full 0):
 garbage-first heap   total 37888K, used 27543K [0x00000000c1a00000, 0x0000000100000000)
  region size 1024K, 22 young (22528K), 3 survivors (3072K)
 Metaspace       used 26243K, committed 26496K, reserved 1073152K
  class space    used 2887K, committed 3008K, reserved 1048576K
}
Event: 6.530 GC heap after
{Heap after GC invocations=5 (full 0):
 garbage-first heap   total 37888K, used 10407K [0x00000000c1a00000, 0x0000000100000000)
  region size 1024K, 4 young (4096K), 4 survivors (4096K)
 Metaspace       used 26243K, committed 26496K, reserved 1073152K
  class space    used 2887K, committed 3008K, reserved 1048576K
}
Event: 6.561 GC heap before
{Heap before GC invocations=5 (full 0):
 garbage-first heap   total 37888K, used 22695K [0x00000000c1a00000, 0x0000000100000000)
  region size 1024K, 16 young (16384K), 4 survivors (4096K)
 Metaspace       used 26245K, committed 26496K, reserved 1073152K
  class space    used 2887K, committed 3008K, reserved 1048576K
}
Event: 6.568 GC heap after
{Heap after GC invocations=6 (full 0):
 garbage-first heap   total 37888K, used 11301K [0x00000000c1a00000, 0x0000000100000000)
  region size 1024K, 1 young (1024K), 1 survivors (1024K)
 Metaspace       used 26245K, committed 26496K, reserved 1073152K
  class space    used 2887K, committed 3008K, reserved 1048576K
}
Event: 6.598 GC heap before
{Heap before GC invocations=6 (full 0):
 garbage-first heap   total 37888K, used 24613K [0x00000000c1a00000, 0x0000000100000000)
  region size 1024K, 14 young (14336K), 1 survivors (1024K)
 Metaspace       used 26245K, committed 26496K, reserved 1073152K
  class space    used 2887K, committed 3008K, reserved 1048576K
}
Event: 6.599 GC heap after
{Heap after GC invocations=7 (full 0):
 garbage-first heap   total 37888K, used 11131K [0x00000000c1a00000, 0x0000000100000000)
  region size 1024K, 1 young (1024K), 1 survivors (1024K)
 Metaspace       used 26245K, committed 26496K, reserved 1073152K
  class space    used 2887K, committed 3008K, reserved 1048576K
}
Event: 6.729 GC heap before
{Heap before GC invocations=7 (full 0):
 garbage-first heap   total 37888K, used 25467K [0x00000000c1a00000, 0x0000000100000000)
  region size 1024K, 15 young (15360K), 1 survivors (1024K)
 Metaspace       used 26588K, committed 26880K, reserved 1073152K
  class space    used 2922K, committed 3072K, reserved 1048576K
}
Event: 6.734 GC heap after
{Heap after GC invocations=8 (full 0):
 garbage-first heap   total 37888K, used 12173K [0x00000000c1a00000, 0x0000000100000000)
  region size 1024K, 2 young (2048K), 2 survivors (2048K)
 Metaspace       used 26588K, committed 26880K, reserved 1073152K
  class space    used 2922K, committed 3072K, reserved 1048576K
}
Event: 7.428 GC heap before
{Heap before GC invocations=8 (full 0):
 garbage-first heap   total 37888K, used 26509K [0x00000000c1a00000, 0x0000000100000000)
  region size 1024K, 16 young (16384K), 2 survivors (2048K)
 Metaspace       used 29915K, committed 30272K, reserved 1081344K
  class space    used 3357K, committed 3520K, reserved 1048576K
}
Event: 7.434 GC heap after
{Heap after GC invocations=9 (full 0):
 garbage-first heap   total 64512K, used 13313K [0x00000000c1a00000, 0x0000000100000000)
  region size 1024K, 2 young (2048K), 2 survivors (2048K)
 Metaspace       used 29915K, committed 30272K, reserved 1081344K
  class space    used 3357K, committed 3520K, reserved 1048576K
}
Event: 9.763 GC heap before
{Heap before GC invocations=9 (full 0):
 garbage-first heap   total 64512K, used 31745K [0x00000000c1a00000, 0x0000000100000000)
  region size 1024K, 21 young (21504K), 2 survivors (2048K)
 Metaspace       used 35664K, committed 35968K, reserved 1081344K
  class space    used 4088K, committed 4224K, reserved 1048576K
}
Event: 9.769 GC heap after
{Heap after GC invocations=10 (full 0):
 garbage-first heap   total 64512K, used 15492K [0x00000000c1a00000, 0x0000000100000000)
  region size 1024K, 4 young (4096K), 4 survivors (4096K)
 Metaspace       used 35664K, committed 35968K, reserved 1081344K
  class space    used 4088K, committed 4224K, reserved 1048576K
}

Deoptimization events (20 events):
Event: 9.199 Thread 0x000001fdf05f8570 DEOPT PACKING pc=0x000001fd87b87d84 sp=0x00000045a64fcd50
Event: 9.199 Thread 0x000001fdf05f8570 DEOPT UNPACKING pc=0x000001fd800523a3 sp=0x00000045a64fccc0 mode 2
Event: 9.316 Thread 0x000001fdf05f8570 Uncommon trap: trap_request=0xffffff45 fr.pc=0x000001fd87bbbd4c relative=0x000000000000022c
Event: 9.316 Thread 0x000001fdf05f8570 Uncommon trap: reason=unstable_if action=reinterpret pc=0x000001fd87bbbd4c method=java.util.HashMap.putVal(ILjava/lang/Object;Ljava/lang/Object;ZZ)Ljava/lang/Object; @ 162 c2
Event: 9.316 Thread 0x000001fdf05f8570 DEOPT PACKING pc=0x000001fd87bbbd4c sp=0x00000045a64fbd40
Event: 9.316 Thread 0x000001fdf05f8570 DEOPT UNPACKING pc=0x000001fd800523a3 sp=0x00000045a64fbc68 mode 2
Event: 9.331 Thread 0x000001fdf05f8570 Uncommon trap: trap_request=0xffffffde fr.pc=0x000001fd87b7a0d4 relative=0x00000000000008d4
Event: 9.331 Thread 0x000001fdf05f8570 Uncommon trap: reason=class_check action=maybe_recompile pc=0x000001fd87b7a0d4 method=java.util.HashMap.putVal(ILjava/lang/Object;Ljava/lang/Object;ZZ)Ljava/lang/Object; @ 203 c2
Event: 9.331 Thread 0x000001fdf05f8570 DEOPT PACKING pc=0x000001fd87b7a0d4 sp=0x00000045a64fafb0
Event: 9.331 Thread 0x000001fdf05f8570 DEOPT UNPACKING pc=0x000001fd800523a3 sp=0x00000045a64faf40 mode 2
Event: 9.332 Thread 0x000001fdf05f8570 Uncommon trap: trap_request=0xffffffde fr.pc=0x000001fd87b7a0d4 relative=0x00000000000008d4
Event: 9.332 Thread 0x000001fdf05f8570 Uncommon trap: reason=class_check action=maybe_recompile pc=0x000001fd87b7a0d4 method=java.util.HashMap.putVal(ILjava/lang/Object;Ljava/lang/Object;ZZ)Ljava/lang/Object; @ 203 c2
Event: 9.332 Thread 0x000001fdf05f8570 DEOPT PACKING pc=0x000001fd87b7a0d4 sp=0x00000045a64fafb0
Event: 9.332 Thread 0x000001fdf05f8570 DEOPT UNPACKING pc=0x000001fd800523a3 sp=0x00000045a64faf40 mode 2
Event: 9.586 Thread 0x000001fdf05f8570 DEOPT PACKING pc=0x000001fd80b43a3e sp=0x00000045a64fadf0
Event: 9.586 Thread 0x000001fdf05f8570 DEOPT UNPACKING pc=0x000001fd80052b43 sp=0x00000045a64fa270 mode 0
Event: 9.588 Thread 0x000001fdf05f8570 DEOPT PACKING pc=0x000001fd80b43a3e sp=0x00000045a64fadf0
Event: 9.588 Thread 0x000001fdf05f8570 DEOPT UNPACKING pc=0x000001fd80052b43 sp=0x00000045a64fa270 mode 0
Event: 9.591 Thread 0x000001fdf05f8570 DEOPT PACKING pc=0x000001fd80b43a3e sp=0x00000045a64fadf0
Event: 9.591 Thread 0x000001fdf05f8570 DEOPT UNPACKING pc=0x000001fd80052b43 sp=0x00000045a64fa270 mode 0

Classes unloaded (0 events):
No events

Classes redefined (0 events):
No events

Internal exceptions (20 events):
Event: 9.267 Thread 0x000001fdf05f8570 Exception <a 'java/lang/NoSuchMethodError'{0x00000000c5097920}: 'java.lang.Object java.lang.invoke.DirectMethodHandle$Holder.invokeStatic(java.lang.Object, java.lang.Object, int)'> (0x00000000c5097920) 
thrown [e:\jenkins\tmp\workspace\build\src\src\hotspot\share\interpreter\linkResolver.cpp, line 766]
Event: 9.268 Thread 0x000001fdf05f8570 Exception <a 'java/lang/NoSuchMethodError'{0x00000000c509b2a8}: 'java.lang.Object java.lang.invoke.DirectMethodHandle$Holder.invokeStaticInit(java.lang.Object, java.lang.Object, int)'> (0x00000000c509b2a8) 
thrown [e:\jenkins\tmp\workspace\build\src\src\hotspot\share\interpreter\linkResolver.cpp, line 766]
Event: 9.268 Thread 0x000001fdf05f8570 Exception <a 'java/lang/NoSuchMethodError'{0x00000000c50a1498}: 'java.lang.Object java.lang.invoke.DirectMethodHandle$Holder.newInvokeSpecial(java.lang.Object, java.lang.Object, int)'> (0x00000000c50a1498) 
thrown [e:\jenkins\tmp\workspace\build\src\src\hotspot\share\interpreter\linkResolver.cpp, line 766]
Event: 9.273 Thread 0x000001fdf05f8570 Exception <a 'java/lang/NoSuchMethodError'{0x00000000c50bc138}: 'int java.lang.invoke.DirectMethodHandle$Holder.invokeSpecialIFC(java.lang.Object, java.lang.Object, java.lang.Object)'> (0x00000000c50bc138) 
thrown [e:\jenkins\tmp\workspace\build\src\src\hotspot\share\interpreter\linkResolver.cpp, line 766]
Event: 9.378 Thread 0x000001fdf05f8570 Exception <a 'sun/nio/fs/WindowsException'{0x00000000c4e515d8}> (0x00000000c4e515d8) 
thrown [e:\jenkins\tmp\workspace\build\src\src\hotspot\share\prims\jni.cpp, line 516]
Event: 9.399 Thread 0x000001fdf05f8570 Exception <a 'java/lang/NoSuchMethodError'{0x00000000c4e70f48}: 'int java.lang.invoke.DirectMethodHandle$Holder.invokeStaticInit(java.lang.Object, java.lang.Object, java.lang.Object, java.lang.Object)'> (0x00000000c4e70f48) 
thrown [e:\jenkins\tmp\workspace\build\src\src\hotspot\share\interpreter\linkResolver.cpp, line 766]
Event: 9.763 Thread 0x000001fdf05f8570 Exception <a 'java/lang/NoSuchMethodError'{0x00000000c46c6140}: 'java.lang.Object java.lang.invoke.DirectMethodHandle$Holder.invokeInterface(java.lang.Object, java.lang.Object, java.lang.Object)'> (0x00000000c46c6140) 
thrown [e:\jenkins\tmp\workspace\build\src\src\hotspot\share\interpreter\linkResolver.cpp, line 766]
Event: 9.770 Thread 0x000001fdf05f8570 Exception <a 'java/lang/IncompatibleClassChangeError'{0x00000000c5900210}: Found class java.lang.Object, but interface was expected> (0x00000000c5900210) 
thrown [e:\jenkins\tmp\workspace\build\src\src\hotspot\share\interpreter\linkResolver.cpp, line 833]
Event: 9.772 Thread 0x000001fdf05f8570 Exception <a 'java/lang/NoSuchMethodError'{0x00000000c5906a30}: 'int java.lang.invoke.DirectMethodHandle$Holder.invokeSpecialIFC(java.lang.Object, java.lang.Object, java.lang.Object, java.lang.Object)'> (0x00000000c5906a30) 
thrown [e:\jenkins\tmp\workspace\build\src\src\hotspot\share\interpreter\linkResolver.cpp, line 766]
Event: 9.778 Thread 0x000001fdf05f8570 Exception <a 'java/lang/NoSuchMethodError'{0x00000000c592c8e0}: 'java.lang.Object java.lang.invoke.DirectMethodHandle$Holder.invokeVirtual(java.lang.Object, java.lang.Object, java.lang.Object, java.lang.Object)'> (0x00000000c592c8e0) 
thrown [e:\jenkins\tmp\workspace\build\src\src\hotspot\share\interpreter\linkResolver.cpp, line 766]
Event: 9.865 Thread 0x000001fdf9d97a20 Exception <a 'java/net/ConnectException'{0x00000000c59f1e50}: Connection refused: no further information> (0x00000000c59f1e50) 
thrown [e:\jenkins\tmp\workspace\build\src\src\hotspot\share\prims\jni.cpp, line 535]
Event: 9.865 Thread 0x000001fdf9d97a20 Exception <a 'java/net/SocketException'{0x00000000c59f2188}: Socket is not connected: shutdown> (0x00000000c59f2188) 
thrown [e:\jenkins\tmp\workspace\build\src\src\hotspot\share\prims\jni.cpp, line 535]
Event: 9.879 Thread 0x000001fdf9d97a20 Exception <a 'java/net/ConnectException'{0x00000000c59f3180}: Connection refused: no further information> (0x00000000c59f3180) 
thrown [e:\jenkins\tmp\workspace\build\src\src\hotspot\share\prims\jni.cpp, line 535]
Event: 9.879 Thread 0x000001fdf9d97a20 Exception <a 'java/net/SocketException'{0x00000000c59f34b8}: Socket is not connected: shutdown> (0x00000000c59f34b8) 
thrown [e:\jenkins\tmp\workspace\build\src\src\hotspot\share\prims\jni.cpp, line 535]
Event: 9.910 Thread 0x000001fdf9d97a20 Exception <a 'java/net/ConnectException'{0x00000000c59f43e0}: Connection refused: no further information> (0x00000000c59f43e0) 
thrown [e:\jenkins\tmp\workspace\build\src\src\hotspot\share\prims\jni.cpp, line 535]
Event: 9.911 Thread 0x000001fdf9d97a20 Exception <a 'java/net/SocketException'{0x00000000c59f4718}: Socket is not connected: shutdown> (0x00000000c59f4718) 
thrown [e:\jenkins\tmp\workspace\build\src\src\hotspot\share\prims\jni.cpp, line 535]
Event: 9.956 Thread 0x000001fdf9d97a20 Exception <a 'java/net/ConnectException'{0x00000000c59f5640}: Connection refused: no further information> (0x00000000c59f5640) 
thrown [e:\jenkins\tmp\workspace\build\src\src\hotspot\share\prims\jni.cpp, line 535]
Event: 9.956 Thread 0x000001fdf9d97a20 Exception <a 'java/net/SocketException'{0x00000000c59f5978}: Socket is not connected: shutdown> (0x00000000c59f5978) 
thrown [e:\jenkins\tmp\workspace\build\src\src\hotspot\share\prims\jni.cpp, line 535]
Event: 10.089 Thread 0x000001fdf05f8570 Exception <a 'java/lang/NoSuchMethodError'{0x00000000c54e7d48}: 'java.lang.Object java.lang.invoke.DirectMethodHandle$Holder.newInvokeSpecial(java.lang.Object, java.lang.Object, int, int)'> (0x00000000c54e7d48) 
thrown [e:\jenkins\tmp\workspace\build\src\src\hotspot\share\interpreter\linkResolver.cpp, line 766]
Event: 10.090 Thread 0x000001fdf05f8570 Exception <a 'java/lang/NoSuchMethodError'{0x00000000c54f2968}: 'void java.lang.invoke.DirectMethodHandle$Holder.invokeStatic(java.lang.Object, java.lang.Object, int)'> (0x00000000c54f2968) 
thrown [e:\jenkins\tmp\workspace\build\src\src\hotspot\share\interpreter\linkResolver.cpp, line 766]

VM Operations (20 events):
Event: 8.921 Executing VM operation: Cleanup
Event: 8.921 Executing VM operation: Cleanup done
Event: 9.328 Executing VM operation: HandshakeAllThreads
Event: 9.328 Executing VM operation: HandshakeAllThreads done
Event: 9.380 Executing VM operation: HandshakeAllThreads
Event: 9.380 Executing VM operation: HandshakeAllThreads done
Event: 9.510 Executing VM operation: HandshakeAllThreads
Event: 9.510 Executing VM operation: HandshakeAllThreads done
Event: 9.763 Executing VM operation: CollectForMetadataAllocation
Event: 9.769 Executing VM operation: CollectForMetadataAllocation done
Event: 9.798 Executing VM operation: G1Concurrent
Event: 9.801 Executing VM operation: G1Concurrent done
Event: 9.813 Executing VM operation: G1Concurrent
Event: 9.813 Executing VM operation: G1Concurrent done
Event: 10.056 Executing VM operation: HandshakeAllThreads
Event: 10.056 Executing VM operation: HandshakeAllThreads done
Event: 10.056 Executing VM operation: HandshakeAllThreads
Event: 10.056 Executing VM operation: HandshakeAllThreads done
Event: 10.058 Executing VM operation: HandshakeAllThreads
Event: 10.058 Executing VM operation: HandshakeAllThreads done

Events (20 events):
Event: 10.085 loading class java/util/Collections$UnmodifiableMap$UnmodifiableEntrySet$UnmodifiableEntrySetSpliterator
Event: 10.085 loading class java/util/Collections$UnmodifiableMap$UnmodifiableEntrySet$UnmodifiableEntrySetSpliterator done
Event: 10.091 loading class java/util/function/UnaryOperator
Event: 10.091 loading class java/util/function/UnaryOperator done
Event: 10.091 loading class java/io/ObjectOutputStream
Event: 10.093 loading class java/io/ObjectOutput
Event: 10.093 loading class java/io/ObjectOutput done
Event: 10.093 loading class java/io/ObjectOutputStream done
Event: 10.104 loading class java/util/stream/ReferencePipeline$15
Event: 10.104 loading class java/util/stream/ReferencePipeline$15 done
Event: 10.105 loading class java/util/stream/ReferencePipeline$15$1
Event: 10.105 loading class java/util/stream/ReferencePipeline$15$1 done
Event: 10.125 loading class java/util/concurrent/Flow$Subscription
Event: 10.125 loading class java/util/concurrent/Flow$Subscription done
Event: 10.126 loading class java/util/Base64
Event: 10.126 loading class java/util/Base64 done
Event: 10.126 loading class java/util/Base64$Encoder
Event: 10.126 loading class java/util/Base64$Encoder done
Event: 10.129 loading class java/net/URLPermission
Event: 10.129 loading class java/net/URLPermission done


Dynamic libraries:
0x00007ff68d070000 - 0x00007ff68d07e000 	C:\Users\prerna\Downloads\eclipse-java-2022-03-R-win32-x86_64\eclipse\plugins\org.eclipse.justj.openjdk.hotspot.jre.full.win32.x86_64_17.0.2.v20220201-1208\jre\bin\javaw.exe
0x00007ffe9ea70000 - 0x00007ffe9ec68000 	C:\Windows\SYSTEM32\ntdll.dll
0x00007ffe9e840000 - 0x00007ffe9e902000 	C:\Windows\System32\KERNEL32.DLL
0x00007ffe9c790000 - 0x00007ffe9ca8e000 	C:\Windows\System32\KERNELBASE.dll
0x00007ffe9c660000 - 0x00007ffe9c760000 	C:\Windows\System32\ucrtbase.dll
0x00007ffe95720000 - 0x00007ffe95738000 	C:\Users\prerna\Downloads\eclipse-java-2022-03-R-win32-x86_64\eclipse\plugins\org.eclipse.justj.openjdk.hotspot.jre.full.win32.x86_64_17.0.2.v20220201-1208\jre\bin\jli.dll
0x00007ffe92a50000 - 0x00007ffe92a69000 	C:\Users\prerna\Downloads\eclipse-java-2022-03-R-win32-x86_64\eclipse\plugins\org.eclipse.justj.openjdk.hotspot.jre.full.win32.x86_64_17.0.2.v20220201-1208\jre\bin\VCRUNTIME140.dll
0x00007ffe9e5d0000 - 0x00007ffe9e76d000 	C:\Windows\System32\USER32.dll
0x00007ffe9c760000 - 0x00007ffe9c782000 	C:\Windows\System32\win32u.dll
0x00007ffe9d980000 - 0x00007ffe9d9ab000 	C:\Windows\System32\GDI32.dll
0x00007ffe9c540000 - 0x00007ffe9c657000 	C:\Windows\System32\gdi32full.dll
0x00007ffe87250000 - 0x00007ffe874ea000 	C:\Windows\WinSxS\amd64_microsoft.windows.common-controls_6595b64144ccf1df_6.0.19041.4355_none_60b8b9eb71f62e16\COMCTL32.dll
0x00007ffe9c3c0000 - 0x00007ffe9c45d000 	C:\Windows\System32\msvcp_win.dll
0x00007ffe9d9b0000 - 0x00007ffe9da4e000 	C:\Windows\System32\msvcrt.dll
0x00007ffe9e1d0000 - 0x00007ffe9e1ff000 	C:\Windows\System32\IMM32.DLL
0x00000000519d0000 - 0x00000000519dc000 	C:\Program Files (x86)\360\Total Security\safemon\SafeWrapper.dll
0x00007ffe9e910000 - 0x00007ffe9e9c1000 	C:\Windows\System32\ADVAPI32.dll
0x00007ffe9cfb0000 - 0x00007ffe9d04f000 	C:\Windows\System32\sechost.dll
0x00007ffe9d0c0000 - 0x00007ffe9d1e3000 	C:\Windows\System32\RPCRT4.dll
0x00007ffe9c460000 - 0x00007ffe9c487000 	C:\Windows\System32\bcrypt.dll
0x00007ffe8f500000 - 0x00007ffe8f5ac000 	C:\Program Files (x86)\360\Total Security\safemon\libzdtp64.dll
0x00007ffe9da50000 - 0x00007ffe9e1bd000 	C:\Windows\System32\SHELL32.dll
0x00007ffe9cdc0000 - 0x00007ffe9ce15000 	C:\Windows\System32\SHLWAPI.dll
0x00007ffe90eb0000 - 0x00007ffe90eba000 	C:\Windows\SYSTEM32\VERSION.dll
0x00007ffe96730000 - 0x00007ffe9673c000 	C:\Users\prerna\Downloads\eclipse-java-2022-03-R-win32-x86_64\eclipse\plugins\org.eclipse.justj.openjdk.hotspot.jre.full.win32.x86_64_17.0.2.v20220201-1208\jre\bin\vcruntime140_1.dll
0x00007ffe8f090000 - 0x00007ffe8f121000 	C:\Users\prerna\Downloads\eclipse-java-2022-03-R-win32-x86_64\eclipse\plugins\org.eclipse.justj.openjdk.hotspot.jre.full.win32.x86_64_17.0.2.v20220201-1208\jre\bin\msvcp140.dll
0x00007ffe2ff70000 - 0x00007ffe30bb7000 	C:\Users\prerna\Downloads\eclipse-java-2022-03-R-win32-x86_64\eclipse\plugins\org.eclipse.justj.openjdk.hotspot.jre.full.win32.x86_64_17.0.2.v20220201-1208\jre\bin\server\jvm.dll
0x00007ffe9e1c0000 - 0x00007ffe9e1c8000 	C:\Windows\System32\PSAPI.DLL
0x00007ffe970f0000 - 0x00007ffe970f9000 	C:\Windows\SYSTEM32\WSOCK32.dll
0x00007ffe870f0000 - 0x00007ffe87117000 	C:\Windows\SYSTEM32\WINMM.dll
0x00007ffe9e200000 - 0x00007ffe9e26b000 	C:\Windows\System32\WS2_32.dll
0x00007ffe99f90000 - 0x00007ffe99fa2000 	C:\Windows\SYSTEM32\kernel.appcore.dll
0x00007ffe96bf0000 - 0x00007ffe96bfa000 	C:\Users\prerna\Downloads\eclipse-java-2022-03-R-win32-x86_64\eclipse\plugins\org.eclipse.justj.openjdk.hotspot.jre.full.win32.x86_64_17.0.2.v20220201-1208\jre\bin\jimage.dll
0x00007ffe93d90000 - 0x00007ffe93f74000 	C:\Windows\SYSTEM32\DBGHELP.DLL
0x00007ffe934f0000 - 0x00007ffe93524000 	C:\Windows\SYSTEM32\dbgcore.DLL
0x00007ffe9c330000 - 0x00007ffe9c3b2000 	C:\Windows\System32\bcryptPrimitives.dll
0x00007ffe95810000 - 0x00007ffe95835000 	C:\Users\prerna\Downloads\eclipse-java-2022-03-R-win32-x86_64\eclipse\plugins\org.eclipse.justj.openjdk.hotspot.jre.full.win32.x86_64_17.0.2.v20220201-1208\jre\bin\java.dll
0x00007ffe96880000 - 0x00007ffe96898000 	C:\Users\prerna\Downloads\eclipse-java-2022-03-R-win32-x86_64\eclipse\plugins\org.eclipse.justj.openjdk.hotspot.jre.full.win32.x86_64_17.0.2.v20220201-1208\jre\bin\zip.dll
0x00007ffe9a190000 - 0x00007ffe9a934000 	C:\Windows\SYSTEM32\windows.storage.dll
0x00007ffe9e270000 - 0x00007ffe9e5c3000 	C:\Windows\System32\combase.dll
0x00007ffe9bad0000 - 0x00007ffe9bafe000 	C:\Windows\SYSTEM32\Wldp.dll
0x00007ffe9ca90000 - 0x00007ffe9cb5d000 	C:\Windows\System32\OLEAUT32.dll
0x00007ffe9e790000 - 0x00007ffe9e83d000 	C:\Windows\System32\SHCORE.dll
0x00007ffe9c040000 - 0x00007ffe9c064000 	C:\Windows\SYSTEM32\profapi.dll
0x00007ffe96290000 - 0x00007ffe962a9000 	C:\Users\prerna\Downloads\eclipse-java-2022-03-R-win32-x86_64\eclipse\plugins\org.eclipse.justj.openjdk.hotspot.jre.full.win32.x86_64_17.0.2.v20220201-1208\jre\bin\net.dll
0x00007ffe92cb0000 - 0x00007ffe92dbd000 	C:\Windows\SYSTEM32\WINHTTP.dll
0x00007ffe9b7d0000 - 0x00007ffe9b83a000 	C:\Windows\system32\mswsock.dll
0x00007ffe957f0000 - 0x00007ffe95805000 	C:\Users\prerna\Downloads\eclipse-java-2022-03-R-win32-x86_64\eclipse\plugins\org.eclipse.justj.openjdk.hotspot.jre.full.win32.x86_64_17.0.2.v20220201-1208\jre\bin\nio.dll
0x00007ffe96ae0000 - 0x00007ffe96af0000 	C:\Users\prerna\Downloads\eclipse-java-2022-03-R-win32-x86_64\eclipse\plugins\org.eclipse.justj.openjdk.hotspot.jre.full.win32.x86_64_17.0.2.v20220201-1208\jre\bin\verify.dll
0x00007ffe9b4f0000 - 0x00007ffe9b5ba000 	C:\Windows\SYSTEM32\DNSAPI.dll
0x00007ffe9b4b0000 - 0x00007ffe9b4eb000 	C:\Windows\SYSTEM32\IPHLPAPI.DLL
0x00007ffe9d050000 - 0x00007ffe9d058000 	C:\Windows\System32\NSI.dll
0x00007ffe94990000 - 0x00007ffe9499a000 	C:\Windows\System32\rasadhlp.dll
0x00007ffe91c00000 - 0x00007ffe91c80000 	C:\Windows\System32\fwpuclnt.dll
0x00007ffe9ba30000 - 0x00007ffe9ba48000 	C:\Windows\SYSTEM32\CRYPTSP.dll
0x00007ffe9b0f0000 - 0x00007ffe9b124000 	C:\Windows\system32\rsaenh.dll
0x00007ffe9c000000 - 0x00007ffe9c02e000 	C:\Windows\SYSTEM32\USERENV.dll
0x00007ffe9ba20000 - 0x00007ffe9ba2c000 	C:\Windows\SYSTEM32\CRYPTBASE.dll
0x00007ffe934b0000 - 0x00007ffe934c7000 	C:\Windows\SYSTEM32\dhcpcsvc6.DLL
0x00007ffe94210000 - 0x00007ffe9422d000 	C:\Windows\SYSTEM32\dhcpcsvc.DLL
0x00007ffe96270000 - 0x00007ffe96279000 	C:\Users\prerna\Downloads\eclipse-java-2022-03-R-win32-x86_64\eclipse\plugins\org.eclipse.justj.openjdk.hotspot.jre.full.win32.x86_64_17.0.2.v20220201-1208\jre\bin\management.dll
0x00007ffe957e0000 - 0x00007ffe957eb000 	C:\Users\prerna\Downloads\eclipse-java-2022-03-R-win32-x86_64\eclipse\plugins\org.eclipse.justj.openjdk.hotspot.jre.full.win32.x86_64_17.0.2.v20220201-1208\jre\bin\management_ext.dll
0x00007ffe87620000 - 0x00007ffe87637000 	C:\Windows\system32\napinsp.dll
0x00007ffe87600000 - 0x00007ffe8761b000 	C:\Windows\system32\pnrpnsp.dll
0x00007ffe972f0000 - 0x00007ffe97305000 	C:\Windows\system32\wshbth.dll
0x00007ffe95d10000 - 0x00007ffe95d2d000 	C:\Windows\system32\NLAapi.dll
0x00007ffe875e0000 - 0x00007ffe875f2000 	C:\Windows\System32\winrnr.dll
0x00007ffe96280000 - 0x00007ffe9628e000 	C:\Users\prerna\Downloads\eclipse-java-2022-03-R-win32-x86_64\eclipse\plugins\org.eclipse.justj.openjdk.hotspot.jre.full.win32.x86_64_17.0.2.v20220201-1208\jre\bin\sunmscapi.dll
0x00007ffe9c160000 - 0x00007ffe9c2bc000 	C:\Windows\System32\CRYPT32.dll
0x00007ffe9bb60000 - 0x00007ffe9bb87000 	C:\Windows\SYSTEM32\ncrypt.dll
0x00007ffe9bb00000 - 0x00007ffe9bb3b000 	C:\Windows\SYSTEM32\NTASN1.dll
0x00007ffe95700000 - 0x00007ffe95707000 	C:\Windows\system32\wshunix.dll

dbghelp: loaded successfully - version: 4.0.5 - missing functions: none
symbol engine: initialized successfully - sym options: 0x614 - pdb path: .;C:\Users\prerna\Downloads\eclipse-java-2022-03-R-win32-x86_64\eclipse\plugins\org.eclipse.justj.openjdk.hotspot.jre.full.win32.x86_64_17.0.2.v20220201-1208\jre\bin;C:\Windows\SYSTEM32;C:\Windows\WinSxS\amd64_microsoft.windows.common-controls_6595b64144ccf1df_6.0.19041.4355_none_60b8b9eb71f62e16;C:\Program Files (x86)\360\Total Security\safemon;C:\Users\prerna\Downloads\eclipse-java-2022-03-R-win32-x86_64\eclipse\plugins\org.eclipse.justj.openjdk.hotspot.jre.full.win32.x86_64_17.0.2.v20220201-1208\jre\bin\server

VM Arguments:
jvm_args: -ea -Dfile.encoding=Cp1252 -XX:+ShowCodeDetailsInExceptionMessages 
java_command: org.testng.remote.RemoteTestNG -serport 60280 -protocol json -d F:\C data\eclipse-workspace\Ecommerce\test-output C:\Users\prerna\AppData\Local\Temp\testng-eclipse-1661912646\testng-customsuite.xml
java_class_path (initial): C:\Users\prerna\Downloads\eclipse-java-2022-03-R-win32-x86_64\eclipse\configuration\org.eclipse.osgi\437\0\.cp\lib\testng-remote.jar;F:\C data\eclipse-workspace\Ecommerce\target\test-classes;F:\C data\eclipse-workspace\Ecommerce\target\classes;C:\Users\prerna\.m2\repository\org\seleniumhq\selenium\selenium-java\4.22.0\selenium-java-4.22.0.jar;C:\Users\prerna\.m2\repository\org\seleniumhq\selenium\selenium-api\4.22.0\selenium-api-4.22.0.jar;C:\Users\prerna\.m2\repository\org\seleniumhq\selenium\selenium-chrome-driver\4.22.0\selenium-chrome-driver-4.22.0.jar;C:\Users\prerna\.m2\repository\org\seleniumhq\selenium\selenium-chromium-driver\4.22.0\selenium-chromium-driver-4.22.0.jar;C:\Users\prerna\.m2\repository\org\seleniumhq\selenium\selenium-manager\4.22.0\selenium-manager-4.22.0.jar;C:\Users\prerna\.m2\repository\org\seleniumhq\selenium\selenium-devtools-v124\4.22.0\selenium-devtools-v124-4.22.0.jar;C:\Users\prerna\.m2\repository\org\seleniumhq\selenium\selenium-devtools-v125\4.22.0\selenium-devtools-v125-4.22.0.jar;C:\Users\prerna\.m2\repository\org\seleniumhq\selenium\selenium-devtools-v126\4.22.0\selenium-devtools-v126-4.22.0.jar;C:\Users\prerna\.m2\repository\org\seleniumhq\selenium\selenium-devtools-v85\4.22.0\selenium-devtools-v85-4.22.0.jar;C:\Users\prerna\.m2\repository\org\seleniumhq\selenium\selenium-edge-driver\4.22.0\selenium-edge-driver-4.22.0.jar;C:\Users\prerna\.m2\repository\org\seleniumhq\selenium\selenium-firefox-driver\4.22.0\selenium-firefox-driver-4.22.0.jar;C:\Users\prerna\.m2\repository\org\seleniumhq\selenium\selenium-http\4.22.0\selenium-http-4.22.0.jar;C:\Users\prerna\.m2\repository\dev\failsafe\failsafe\3.3.2\failsafe-3.3.2.jar;C:\Users\prerna\.m2\repository\org\seleniumhq\selenium\selenium-ie-driver\4.22.0\selenium-ie-driver-4.22.0.jar;C:\Users\prerna\.m2\repository\org\seleniumhq\selenium\selenium-remote-driver\4.22.0\selenium-remote-driver-4.22.0.jar;C:\Users\prerna\.m2\repository\com\google\guava\guava\33.2.
Launcher Type: SUN_STANDARD

[Global flags]
     intx CICompilerCount                          = 3                                         {product} {ergonomic}
     uint ConcGCThreads                            = 1                                         {product} {ergonomic}
     uint G1ConcRefinementThreads                  = 4                                         {product} {ergonomic}
   size_t G1HeapRegionSize                         = 1048576                                   {product} {ergonomic}
    uintx GCDrainStackTargetSize                   = 64                                        {product} {ergonomic}
   size_t InitialHeapSize                          = 67108864                                  {product} {ergonomic}
   size_t MarkStackSize                            = 4194304                                   {product} {ergonomic}
   size_t MaxHeapSize                              = 1046478848                                {product} {ergonomic}
   size_t MaxNewSize                               = 627048448                                 {product} {ergonomic}
   size_t MinHeapDeltaBytes                        = 1048576                                   {product} {ergonomic}
   size_t MinHeapSize                              = 8388608                                   {product} {ergonomic}
    uintx NonNMethodCodeHeapSize                   = 5832780                                {pd product} {ergonomic}
    uintx NonProfiledCodeHeapSize                  = 122912730                              {pd product} {ergonomic}
    uintx ProfiledCodeHeapSize                     = 122912730                              {pd product} {ergonomic}
    uintx ReservedCodeCacheSize                    = 251658240                              {pd product} {ergonomic}
     bool SegmentedCodeCache                       = true                                      {product} {ergonomic}
     bool ShowCodeDetailsInExceptionMessages       = true                                   {manageable} {command line}
   size_t SoftMaxHeapSize                          = 1046478848                             {manageable} {ergonomic}
     bool UseCompressedClassPointers               = true                           {product lp64_product} {ergonomic}
     bool UseCompressedOops                        = true                           {product lp64_product} {ergonomic}
     bool UseG1GC                                  = true                                      {product} {ergonomic}
     bool UseLargePagesIndividualAllocation        = false                                  {pd product} {ergonomic}

Logging:
Log output configuration:
 #0: stdout all=warning uptime,level,tags
 #1: stderr all=off uptime,level,tags

Environment Variables:
JAVA_HOME=C:\Program Files (x86)\Java\jre1.8.0_333
PATH=C:/Users/prerna/Downloads/eclipse-java-2022-03-R-win32-x86_64/eclipse//plugins/org.eclipse.justj.openjdk.hotspot.jre.full.win32.x86_64_17.0.2.v20220201-1208/jre/bin/server;C:/Users/prerna/Downloads/eclipse-java-2022-03-R-win32-x86_64/eclipse//plugins/org.eclipse.justj.openjdk.hotspot.jre.full.win32.x86_64_17.0.2.v20220201-1208/jre/bin;C:\Program Files\Common Files\Oracle\Java\javapath;C:\Program Files (x86)\Common Files\Oracle\Java\java8path;C:\Program Files (x86)\Common Files\Oracle\Java\javapath;C:\Windows\system32;C:\Windows;C:\Windows\System32\Wbem;C:\Windows\System32\WindowsPowerShell\v1.0\;C:\Windows\System32\OpenSSH\;C:\Program Files\Git\cmd;C:\Program Files\nodejs\;C:\Program Files\MySQL\MySQL Shell 8.0\bin\;C:\Users\prerna\AppData\Local\Microsoft\WindowsApps;;C:\Users\prerna\AppData\Local\Programs\Microsoft VS Code\bin;C:\Users\prerna\AppData\Roaming\npm;C:\Users\prerna\Downloads\eclipse-java-2022-03-R-win32-x86_64\eclipse;
USERNAME=prerna
OS=Windows_NT
PROCESSOR_IDENTIFIER=Intel64 Family 6 Model 58 Stepping 9, GenuineIntel



---------------  S Y S T E M  ---------------

OS:
 Windows 10 , 64 bit Build 19041 (10.0.19041.5072)
OS uptime: 25 days 22:17 hours

CPU: total 4 (initial active 4) (2 cores per cpu, 2 threads per core) family 6 model 58 stepping 9 microcode 0x21, cx8, cmov, fxsr, ht, mmx, sse, sse2, sse3, ssse3, sse4.1, sse4.2, popcnt, tsc, tscinvbit, avx, erms, clmul, vzeroupper, clflush

Memory: 4k page, system-wide physical 3988M (232M free)
TotalPageFile size 16276M (AvailPageFile size 2M)
current process WorkingSet (physical memory assigned to process): 155M, peak: 156M
current process commit charge ("private bytes"): 184M, peak: 187M

vm_info: OpenJDK 64-Bit Server VM (17.0.2+8) for windows-amd64 JRE (17.0.2+8), built on Jan 20 2022 04:52:34 by "" with MS VC++ 16.7 (VS2019)

END.
